Arguments: 
  C:\Program Files\nodejs\node.exe C:\Users\gaofa\AppData\Roaming\npm\node_modules\yarn\bin\yarn.js add node-scss

PATH: 
  C:\Program Files (x86)\Common Files\Oracle\Java\javapath;C:\Windows\system32;C:\Windows;C:\Windows\System32\Wbem;C:\Windows\System32\WindowsPowerShell\v1.0\;C:\Windows\System32\OpenSSH\;"C:\Program Files\Java\jdk-10.0.2\bin;C:\Program Files\Java\jdk-10.0.2\jre\bin";F:\Git\cmd;C:\Program Files\nodejs\;C:\Program Files\Java\jdk-10.0.2\bin;C:\Program Files\Java\jdk-10.0.2\jre\bin;C:\Program Files\MySQL\MySQL Server 8.0\bin;C:\BrowserDriver;F:\Apache24\bin;C:\Program Files\PuTTY\;C:\Users\gaofa\AppData\Local\Programs\Python\Python37-32\Scripts\;C:\Users\gaofa\AppData\Local\Programs\Python\Python37-32\;C:\Users\gaofa\AppData\Local\Microsoft\WindowsApps;C:\Users\gaofa\AppData\Roaming\npm;F:\Microsoft VS Code\bin

Yarn version: 
  1.9.4

Node version: 
  8.12.0

Platform: 
  win32 x64

Trace: 
  Error: http://192.168.2.4:4873/node-scss: no such package available
      at Request.params.callback [as _callback] (C:\Users\gaofa\AppData\Roaming\npm\node_modules\yarn\lib\cli.js:64202:18)
      at Request.self.callback (C:\Users\gaofa\AppData\Roaming\npm\node_modules\yarn\lib\cli.js:137468:22)
      at emitTwo (events.js:126:13)
      at Request.emit (events.js:214:7)
      at Request.<anonymous> (C:\Users\gaofa\AppData\Roaming\npm\node_modules\yarn\lib\cli.js:138440:10)
      at emitOne (events.js:116:13)
      at Request.emit (events.js:211:7)
      at IncomingMessage.<anonymous> (C:\Users\gaofa\AppData\Roaming\npm\node_modules\yarn\lib\cli.js:138362:12)
      at Object.onceWrapper (events.js:313:30)
      at emitNone (events.js:111:20)

npm manifest: 
  {
    "dependencies": {
      "scss-loader": "^0.0.1"
    }
  }

yarn manifest: 
  No manifest

Lockfile: 
  # THIS IS AN AUTOGENERATED FILE. DO NOT EDIT THIS FILE DIRECTLY.
  # yarn lockfile v1
  
  
  scss-loader@^0.0.1:
    version "0.0.1"
    resolved "http://192.168.2.4:4873/scss-loader/-/scss-loader-0.0.1.tgz#eae017b9e0f38c12a532db25c220b902fb34e671"
